<?xml version="1.0" encoding="UTF-8"?>
<!-- Generated by org.testng.reporters.JUnitReportReporter -->
<testsuite hostname="DESKTOP-BS990C9" failures="0" tests="1" name="wallet.TestCases.TestLogin" time="13.028" errors="0" timestamp="2022-06-08T23:41:17 PKT" skipped="0">
  <testcase classname="wallet.TestCases.TestLogin" name="testLogin" time="13.028"/>
  <system-out/>
</testsuite> <!-- wallet.TestCases.TestLogin -->
